kotlin version: 2.0.0-Beta4
error message: java.lang.NoSuchMethodError: 'void org.jetbrains.kotlin.fir.declarations.impl.FirPrimaryConstructor.<init>(org.jetbrains.kotlin.KtSourceElement, org.jetbrains.kotlin.fir.declarations.FirResolvePhase, org.jetbrains.kotlin.fir.FirModuleData, org.jetbrains.kotlin.fir.declarations.FirDeclarationOrigin, org.jetbrains.kotlin.fir.declarations.FirDeclarationAttributes, java.util.List, org.jetbrains.kotlin.fir.declarations.FirDeclarationStatus, org.jetbrains.kotlin.fir.types.FirTypeRef, org.jetbrains.kotlin.fir.declarations.FirReceiverParameter, org.jetbrains.kotlin.fir.declarations.DeprecationsProvider, org.jetbrains.kotlin.serialization.deserialization.descriptors.DeserializedContainerSource, org.jetbrains.kotlin.fir.types.ConeSimpleKotlinType, java.util.List, java.util.List, org.jetbrains.kotlin.fir.contracts.FirContractDescription, java.util.List, org.jetbrains.kotlin.fir.symbols.impl.FirConstructorSymbol, org.jetbrains.kotlin.fir.expressions.FirDelegatedConstructorCall, org.jetbrains.kotlin.fir.expressions.FirBlock, kotlin.jvm.internal.DefaultConstructorMarker)'
	at org.jetbrains.kotlin.fir.declarations.builder.FirPrimaryConstructorBuilder.build(FirPrimaryConstructorBuilder.kt:57)
	at org.jetbrains.kotlin.fir.lightTree.converter.LightTreeRawFirDeclarationBuilder.convertPrimaryConstructor(LightTreeRawFirDeclarationBuilder.kt:1045)
	at org.jetbrains.kotlin.fir.lightTree.converter.LightTreeRawFirDeclarationBuilder.convertPrimaryConstructor$default(LightTreeRawFirDeclarationBuilder.kt:922)
	at org.jetbrains.kotlin.fir.lightTree.converter.LightTreeRawFirDeclarationBuilder.convertClass(LightTreeRawFirDeclarationBuilder.kt:568)
	at org.jetbrains.kotlin.fir.lightTree.converter.LightTreeRawFirDeclarationBuilder.convertFile(LightTreeRawFirDeclarationBuilder.kt:92)
	at org.jetbrains.kotlin.fir.lightTree.LightTree2Fir.buildFirFile(LightTree2Fir.kt:91)
	at org.jetbrains.kotlin.fir.lightTree.LightTree2Fir.buildFirFile(LightTree2Fir.kt:97)
	at org.jetbrains.kotlin.fir.pipeline.FirUtilsKt.buildFirViaLightTree(firUtils.kt:40)
	at org.jetbrains.kotlin.fir.pipeline.FirUtilsKt.buildResolveAndCheckFirViaLightTree(firUtils.kt:87)
	at org.jetbrains.kotlin.cli.jvm.compiler.pipeline.CompilerPipelineKt.compileModuleToAnalyzedFir(compilerPipeline.kt:315)
	at org.jetbrains.kotlin.cli.jvm.compiler.pipeline.CompilerPipelineKt.compileModulesUsingFrontendIrAndLightTree(compilerPipeline.kt:117)
	at org.jetbrains.kotlin.cli.jvm.K2JVMCompiler.doExecute(K2JVMCompiler.kt:156)
	at org.jetbrains.kotlin.cli.jvm.K2JVMCompiler.doExecute(K2JVMCompiler.kt:50)
	at org.jetbrains.kotlin.cli.common.CLICompiler.execImpl(CLICompiler.kt:104)
	at org.jetbrains.kotlin.cli.common.CLICompiler.execImpl(CLICompiler.kt:48)
	at org.jetbrains.kotlin.cli.common.CLITool.exec(CLITool.kt:101)
	at org.jetbrains.kotlin.incremental.IncrementalJvmCompilerRunner.runCompiler(IncrementalJvmCompilerRunner.kt:453)
	at org.jetbrains.kotlin.incremental.IncrementalJvmCompilerRunner.runCompiler(IncrementalJvmCompilerRunner.kt:62)
	at org.jetbrains.kotlin.incremental.IncrementalCompilerRunner.doCompile(IncrementalCompilerRunner.kt:502)
	at org.jetbrains.kotlin.incremental.IncrementalCompilerRunner.compileImpl(IncrementalCompilerRunner.kt:420)
	at org.jetbrains.kotlin.incremental.IncrementalCompilerRunner.compileNonIncrementally(IncrementalCompilerRunner.kt:301)
	at org.jetbrains.kotlin.incremental.IncrementalCompilerRunner.compile(IncrementalCompilerRunner.kt:129)
	at org.jetbrains.kotlin.daemon.CompileServiceImplBase.execIncrementalCompiler(CompileServiceImpl.kt:687)
	at org.jetbrains.kotlin.daemon.CompileServiceImplBase.access$execIncrementalCompiler(CompileServiceImpl.kt:103)
	at org.jetbrains.kotlin.daemon.CompileServiceImpl.compile(CompileServiceImpl.kt:1674)
	at java.base/jdk.internal.reflect.NativeMethodAccessorImpl.invoke0(Native Method)
	at java.base/jdk.internal.reflect.NativeMethodAccessorImpl.invoke(NativeMethodAccessorImpl.java:77)
	at java.base/jdk.internal.reflect.DelegatingMethodAccessorImpl.invoke(DelegatingMethodAccessorImpl.java:43)
	at java.base/java.lang.reflect.Method.invoke(Method.java:568)
	at java.rmi/sun.rmi.server.UnicastServerRef.dispatch(UnicastServerRef.java:360)
	at java.rmi/sun.rmi.transport.Transport$1.run(Transport.java:200)
	at java.rmi/sun.rmi.transport.Transport$1.run(Transport.java:197)
	at java.base/java.security.AccessController.doPrivileged(AccessController.java:712)
	at java.rmi/sun.rmi.transport.Transport.serviceCall(Transport.java:196)
	at java.rmi/sun.rmi.transport.tcp.TCPTransport.handleMessages(TCPTransport.java:587)
	at java.rmi/sun.rmi.transport.tcp.TCPTransport$ConnectionHandler.run0(TCPTransport.java:828)
	at java.rmi/sun.rmi.transport.tcp.TCPTransport$ConnectionHandler.lambda$run$0(TCPTransport.java:705)
	at java.base/java.security.AccessController.doPrivileged(AccessController.java:399)
	at java.rmi/sun.rmi.transport.tcp.TCPTransport$ConnectionHandler.run(TCPTransport.java:704)
	at java.base/java.util.concurrent.ThreadPoolExecutor.runWorker(ThreadPoolExecutor.java:1136)
	at java.base/java.util.concurrent.ThreadPoolExecutor$Worker.run(ThreadPoolExecutor.java:635)
	at java.base/java.lang.Thread.run(Thread.java:833)


