kotlin version: 2.0.0-Beta4
error message: org.jetbrains.kotlin.util.FileAnalysisException: While analysing C:/Users/giuse/AndroidStudioProjects/UartApplication/app/src/main/java/com/example/uartapplication/model/MessagesModel.kt:35:12: java.lang.NoSuchMethodError: 'void org.jetbrains.kotlin.fir.declarations.impl.FirPrimaryConstructor.<init>(org.jetbrains.kotlin.KtSourceElement, org.jetbrains.kotlin.fir.declarations.FirResolvePhase, org.jetbrains.kotlin.fir.FirModuleData, org.jetbrains.kotlin.fir.declarations.FirDeclarationOrigin, org.jetbrains.kotlin.fir.declarations.FirDeclarationAttributes, java.util.List, org.jetbrains.kotlin.fir.declarations.FirDeclarationStatus, org.jetbrains.kotlin.fir.types.FirTypeRef, org.jetbrains.kotlin.fir.declarations.FirReceiverParameter, org.jetbrains.kotlin.fir.declarations.DeprecationsProvider, org.jetbrains.kotlin.serialization.deserialization.descriptors.DeserializedContainerSource, org.jetbrains.kotlin.fir.types.ConeSimpleKotlinType, java.util.List, java.util.List, org.jetbrains.kotlin.fir.contracts.FirContractDescription, java.util.List, org.jetbrains.kotlin.fir.symbols.impl.FirConstructorSymbol, org.jetbrains.kotlin.fir.expressions.FirDelegatedConstructorCall, org.jetbrains.kotlin.fir.expressions.FirBlock, kotlin.jvm.internal.DefaultConstructorMarker)'
	at org.jetbrains.kotlin.util.AnalysisExceptionsKt.wrapIntoFileAnalysisExceptionIfNeeded(AnalysisExceptions.kt:56)
	at org.jetbrains.kotlin.fir.FirCliExceptionHandler.handleExceptionOnFileAnalysis(Utils.kt:180)
	at org.jetbrains.kotlin.fir.resolve.transformers.body.resolve.FirDeclarationsResolveTransformer.transformFile(FirDeclarationsResolveTransformer.kt:1575)
	at org.jetbrains.kotlin.fir.resolve.transformers.body.resolve.FirAbstractBodyResolveTransformerDispatcher.transformFile(FirAbstractBodyResolveTransformerDispatcher.kt:57)
	at org.jetbrains.kotlin.fir.resolve.transformers.body.resolve.FirAbstractBodyResolveTransformerDispatcher.transformFile(FirAbstractBodyResolveTransformerDispatcher.kt:24)
	at org.jetbrains.kotlin.fir.declarations.FirFile.transform(FirFile.kt:48)
	at org.jetbrains.kotlin.fir.resolve.transformers.body.resolve.FirBodyResolveTransformerAdapter.transformFile(FirBodyResolveTransformerAdapters.kt:41)
	at org.jetbrains.kotlin.fir.declarations.FirFile.transform(FirFile.kt:48)
	at org.jetbrains.kotlin.fir.resolve.transformers.FirTransformerBasedResolveProcessor.processFile(FirResolveProcessor.kt:48)
	at org.jetbrains.kotlin.fir.resolve.transformers.FirTotalResolveProcessor.process(FirTotalResolveProcessor.kt:36)
	at org.jetbrains.kotlin.fir.pipeline.AnalyseKt.runResolution(analyse.kt:20)
	at org.jetbrains.kotlin.fir.pipeline.FirUtilsKt.resolveAndCheckFir(firUtils.kt:76)
	at org.jetbrains.kotlin.fir.pipeline.FirUtilsKt.buildResolveAndCheckFirViaLightTree(firUtils.kt:88)
	at org.jetbrains.kotlin.cli.jvm.compiler.pipeline.CompilerPipelineKt.compileModuleToAnalyzedFir(compilerPipeline.kt:315)
	at org.jetbrains.kotlin.cli.jvm.compiler.pipeline.CompilerPipelineKt.compileModulesUsingFrontendIrAndLightTree(compilerPipeline.kt:117)
	at org.jetbrains.kotlin.cli.jvm.K2JVMCompiler.doExecute(K2JVMCompiler.kt:156)
	at org.jetbrains.kotlin.cli.jvm.K2JVMCompiler.doExecute(K2JVMCompiler.kt:50)
	at org.jetbrains.kotlin.cli.common.CLICompiler.execImpl(CLICompiler.kt:104)
	at org.jetbrains.kotlin.cli.common.CLICompiler.execImpl(CLICompiler.kt:48)
	at org.jetbrains.kotlin.cli.common.CLITool.exec(CLITool.kt:101)
	at org.jetbrains.kotlin.incremental.IncrementalJvmCompilerRunner.runCompiler(IncrementalJvmCompilerRunner.kt:453)
	at org.jetbrains.kotlin.incremental.IncrementalJvmCompilerRunner.runCompiler(IncrementalJvmCompilerRunner.kt:62)
	at org.jetbrains.kotlin.incremental.IncrementalCompilerRunner.doCompile(IncrementalCompilerRunner.kt:502)
	at org.jetbrains.kotlin.incremental.IncrementalCompilerRunner.compileImpl(IncrementalCompilerRunner.kt:420)
	at org.jetbrains.kotlin.incremental.IncrementalCompilerRunner.tryCompileIncrementally$lambda$6$compile(IncrementalCompilerRunner.kt:249)
	at org.jetbrains.kotlin.incremental.IncrementalCompilerRunner.tryCompileIncrementally(IncrementalCompilerRunner.kt:267)
	at org.jetbrains.kotlin.incremental.IncrementalCompilerRunner.compile(IncrementalCompilerRunner.kt:120)
	at org.jetbrains.kotlin.daemon.CompileServiceImplBase.execIncrementalCompiler(CompileServiceImpl.kt:687)
	at org.jetbrains.kotlin.daemon.CompileServiceImplBase.access$execIncrementalCompiler(CompileServiceImpl.kt:103)
	at org.jetbrains.kotlin.daemon.CompileServiceImpl.compile(CompileServiceImpl.kt:1674)
	at java.base/jdk.internal.reflect.NativeMethodAccessorImpl.invoke0(Native Method)
	at java.base/jdk.internal.reflect.NativeMethodAccessorImpl.invoke(NativeMethodAccessorImpl.java:77)
	at java.base/jdk.internal.reflect.DelegatingMethodAccessorImpl.invoke(DelegatingMethodAccessorImpl.java:43)
	at java.base/java.lang.reflect.Method.invoke(Method.java:568)
	at java.rmi/sun.rmi.server.UnicastServerRef.dispatch(UnicastServerRef.java:360)
	at java.rmi/sun.rmi.transport.Transport$1.run(Transport.java:200)
	at java.rmi/sun.rmi.transport.Transport$1.run(Transport.java:197)
	at java.base/java.security.AccessController.doPrivileged(AccessController.java:712)
	at java.rmi/sun.rmi.transport.Transport.serviceCall(Transport.java:196)
	at java.rmi/sun.rmi.transport.tcp.TCPTransport.handleMessages(TCPTransport.java:587)
	at java.rmi/sun.rmi.transport.tcp.TCPTransport$ConnectionHandler.run0(TCPTransport.java:828)
	at java.rmi/sun.rmi.transport.tcp.TCPTransport$ConnectionHandler.lambda$run$0(TCPTransport.java:705)
	at java.base/java.security.AccessController.doPrivileged(AccessController.java:399)
	at java.rmi/sun.rmi.transport.tcp.TCPTransport$ConnectionHandler.run(TCPTransport.java:704)
	at java.base/java.util.concurrent.ThreadPoolExecutor.runWorker(ThreadPoolExecutor.java:1136)
	at java.base/java.util.concurrent.ThreadPoolExecutor$Worker.run(ThreadPoolExecutor.java:635)
	at java.base/java.lang.Thread.run(Thread.java:833)
Caused by: java.lang.NoSuchMethodError: 'void org.jetbrains.kotlin.fir.declarations.impl.FirPrimaryConstructor.<init>(org.jetbrains.kotlin.KtSourceElement, org.jetbrains.kotlin.fir.declarations.FirResolvePhase, org.jetbrains.kotlin.fir.FirModuleData, org.jetbrains.kotlin.fir.declarations.FirDeclarationOrigin, org.jetbrains.kotlin.fir.declarations.FirDeclarationAttributes, java.util.List, org.jetbrains.kotlin.fir.declarations.FirDeclarationStatus, org.jetbrains.kotlin.fir.types.FirTypeRef, org.jetbrains.kotlin.fir.declarations.FirReceiverParameter, org.jetbrains.kotlin.fir.declarations.DeprecationsProvider, org.jetbrains.kotlin.serialization.deserialization.descriptors.DeserializedContainerSource, org.jetbrains.kotlin.fir.types.ConeSimpleKotlinType, java.util.List, java.util.List, org.jetbrains.kotlin.fir.contracts.FirContractDescription, java.util.List, org.jetbrains.kotlin.fir.symbols.impl.FirConstructorSymbol, org.jetbrains.kotlin.fir.expressions.FirDelegatedConstructorCall, org.jetbrains.kotlin.fir.expressions.FirBlock, kotlin.jvm.internal.DefaultConstructorMarker)'
	at org.jetbrains.kotlin.fir.declarations.builder.FirPrimaryConstructorBuilder.build(FirPrimaryConstructorBuilder.kt:57)
	at org.jetbrains.kotlin.fir.deserialization.FirMemberDeserializer.loadConstructor(FirMemberDeserializer.kt:646)
	at org.jetbrains.kotlin.fir.deserialization.ClassDeserializationKt.deserializeClassToSymbol(ClassDeserialization.kt:159)
	at org.jetbrains.kotlin.fir.resolve.providers.impl.FirBuiltinSymbolProvider$BuiltInsPackageFragment$classCache$2.invoke(FirBuiltinSymbolProvider.kt:162)
	at org.jetbrains.kotlin.fir.resolve.providers.impl.FirBuiltinSymbolProvider$BuiltInsPackageFragment$classCache$2.invoke(FirBuiltinSymbolProvider.kt:156)
	at org.jetbrains.kotlin.fir.caches.FirThreadUnsafeCacheWithPostCompute.getValue(FirThreadUnsafeCachesFactory.kt:60)
	at org.jetbrains.kotlin.fir.resolve.providers.impl.FirBuiltinSymbolProvider$BuiltInsPackageFragment.findAndDeserializeClass(FirBuiltinSymbolProvider.kt:191)
	at org.jetbrains.kotlin.fir.resolve.providers.impl.FirBuiltinSymbolProvider$BuiltInsPackageFragment.findAndDeserializeClass$default(FirBuiltinSymbolProvider.kt:185)
	at org.jetbrains.kotlin.fir.resolve.providers.impl.FirBuiltinSymbolProvider$BuiltInsPackageFragment.getClassLikeSymbolByClassId(FirBuiltinSymbolProvider.kt:183)
	at org.jetbrains.kotlin.fir.resolve.providers.impl.FirBuiltinSymbolProvider.getClassLikeSymbolByClassId(FirBuiltinSymbolProvider.kt:84)
	at org.jetbrains.kotlin.fir.resolve.providers.impl.FirBuiltinSymbolProvider.getClassLikeSymbolByClassId(FirBuiltinSymbolProvider.kt:51)
	at org.jetbrains.kotlin.fir.resolve.providers.impl.FirCachingCompositeSymbolProvider.computeClass(FirCachingCompositeSymbolProvider.kt:147)
	at org.jetbrains.kotlin.fir.resolve.providers.impl.FirCachingCompositeSymbolProvider.access$computeClass(FirCachingCompositeSymbolProvider.kt:27)
	at org.jetbrains.kotlin.fir.resolve.providers.impl.FirCachingCompositeSymbolProvider$special$$inlined$createCache$1.invoke(FirCachesFactory.kt:75)
	at org.jetbrains.kotlin.fir.resolve.providers.impl.FirCachingCompositeSymbolProvider$special$$inlined$createCache$1.invoke(FirCachesFactory.kt:69)
	at org.jetbrains.kotlin.fir.caches.FirThreadUnsafeCache.getValue(FirThreadUnsafeCachesFactory.kt:40)
	at org.jetbrains.kotlin.fir.resolve.providers.impl.FirCachingCompositeSymbolProvider.getClassLikeSymbolByClassId(FirCachingCompositeSymbolProvider.kt:174)
	at org.jetbrains.kotlin.fir.resolve.LookupTagUtilsKt.toSymbol(LookupTagUtils.kt:59)
	at org.jetbrains.kotlin.fir.resolve.TypeExpansionUtilsKt.directExpansionType(TypeExpansionUtils.kt:93)
	at org.jetbrains.kotlin.fir.resolve.TypeExpansionUtilsKt.fullyExpandedTypeNoCache(TypeExpansionUtils.kt:82)
	at org.jetbrains.kotlin.fir.resolve.TypeExpansionUtilsKt.fullyExpandedType(TypeExpansionUtils.kt:47)
	at org.jetbrains.kotlin.fir.resolve.TypeExpansionUtilsKt.fullyExpandedType$default(TypeExpansionUtils.kt:34)
	at org.jetbrains.kotlin.fir.types.ConeTypeContext.asSimpleType(ConeTypeContext.kt:89)
	at org.jetbrains.kotlin.types.model.TypeSystemContext.typeConstructor(TypeSystemContext.kt:471)
	at org.jetbrains.kotlin.load.java.typeEnhancement.AbstractSignatureParts$toIndexed$1$1.invoke(AbstractSignatureParts.kt:209)
	at org.jetbrains.kotlin.load.java.typeEnhancement.AbstractSignatureParts$toIndexed$1$1.invoke(AbstractSignatureParts.kt:205)
	at org.jetbrains.kotlin.load.java.typeEnhancement.AbstractSignatureParts.flattenTree(AbstractSignatureParts.kt:195)
	at org.jetbrains.kotlin.load.java.typeEnhancement.AbstractSignatureParts.flattenTree(AbstractSignatureParts.kt:199)
	at org.jetbrains.kotlin.load.java.typeEnhancement.AbstractSignatureParts.toIndexed(AbstractSignatureParts.kt:205)
	at org.jetbrains.kotlin.load.java.typeEnhancement.AbstractSignatureParts.computeIndexedQualifiers(AbstractSignatureParts.kt:168)
	at org.jetbrains.kotlin.load.java.typeEnhancement.AbstractSignatureParts.computeIndexedQualifiers$default(AbstractSignatureParts.kt:163)
	at org.jetbrains.kotlin.fir.java.enhancement.FirSignatureEnhancement.enhance(SignatureEnhancement.kt:738)
	at org.jetbrains.kotlin.fir.java.enhancement.FirSignatureEnhancement.enhance$default(SignatureEnhancement.kt:732)
	at org.jetbrains.kotlin.fir.java.enhancement.FirSignatureEnhancement.enhanceSuperType(SignatureEnhancement.kt:591)
	at org.jetbrains.kotlin.fir.java.enhancement.FirSignatureEnhancement.enhanceSuperTypes(SignatureEnhancement.kt:546)
	at org.jetbrains.kotlin.fir.java.declarations.FirJavaClass$superTypeRefs$2.invoke(FirJavaClass.kt:74)
	at org.jetbrains.kotlin.fir.java.declarations.FirJavaClass$superTypeRefs$2.invoke(FirJavaClass.kt:72)
	at kotlin.SynchronizedLazyImpl.getValue(LazyJVM.kt:74)
	at org.jetbrains.kotlin.fir.java.declarations.FirJavaClass.getSuperTypeRefs(FirJavaClass.kt:72)
	at org.jetbrains.kotlin.fir.declarations.utils.FirDeclarationUtilKt.getSuperConeTypes(FirDeclarationUtil.kt:24)
	at org.jetbrains.kotlin.fir.resolve.SupertypeUtilsKt.isThereLoopInSupertypes$dfs(SupertypeUtils.kt:144)
	at org.jetbrains.kotlin.fir.resolve.SupertypeUtilsKt.isThereLoopInSupertypes(SupertypeUtils.kt:158)
	at org.jetbrains.kotlin.fir.java.JavaScopeProvider.buildUseSiteMemberScopeWithJavaTypes(JavaScopeProvider.kt:96)
	at org.jetbrains.kotlin.fir.java.JavaScopeProvider.buildJavaEnhancementScope(JavaScopeProvider.kt:71)
	at org.jetbrains.kotlin.fir.java.JavaScopeProvider.getUseSiteMemberScope(JavaScopeProvider.kt:39)
	at org.jetbrains.kotlin.fir.scopes.FirKotlinScopeProviderKt.unsubstitutedScope(FirKotlinScopeProvider.kt:182)
	at org.jetbrains.kotlin.fir.resolve.scopes.JvmMappedScopesKt.wrapScopeWithJvmMapped(JvmMappedScopes.kt:41)
	at org.jetbrains.kotlin.fir.session.FirJvmSessionFactory$createLibrarySession$2$1.invoke(FirJvmSessionFactory.kt:57)
	at org.jetbrains.kotlin.fir.session.FirJvmSessionFactory$createLibrarySession$2$1.invoke(FirJvmSessionFactory.kt:57)
	at org.jetbrains.kotlin.fir.scopes.FirKotlinScopeProvider.getUseSiteMemberScope(FirKotlinScopeProvider.kt:61)
	at org.jetbrains.kotlin.fir.scopes.FirKotlinScopeProviderKt.unsubstitutedScope(FirKotlinScopeProvider.kt:182)
	at org.jetbrains.kotlin.fir.scopes.FirKotlinScopeProviderKt.unsubstitutedScope(FirKotlinScopeProvider.kt:193)
	at org.jetbrains.kotlin.fir.resolve.dfa.FirDataFlowAnalyzer.hasEqualsOverride(FirDataFlowAnalyzer.kt:586)
	at org.jetbrains.kotlin.fir.resolve.dfa.FirDataFlowAnalyzer.hasOverriddenEquals(FirDataFlowAnalyzer.kt:551)
	at org.jetbrains.kotlin.fir.resolve.dfa.FirDataFlowAnalyzer.processEq(FirDataFlowAnalyzer.kt:537)
	at org.jetbrains.kotlin.fir.resolve.dfa.FirDataFlowAnalyzer.access$processEq(FirDataFlowAnalyzer.kt:69)
	at org.jetbrains.kotlin.fir.resolve.dfa.FirDataFlowAnalyzer$exitEqualityOperatorCall$1.invoke(FirDataFlowAnalyzer.kt:455)
	at org.jetbrains.kotlin.fir.resolve.dfa.FirDataFlowAnalyzer$exitEqualityOperatorCall$1.invoke(FirDataFlowAnalyzer.kt:446)
	at org.jetbrains.kotlin.fir.resolve.dfa.FirDataFlowAnalyzer.buildDefaultFlow(FirDataFlowAnalyzer.kt:1349)
	at org.jetbrains.kotlin.fir.resolve.dfa.FirDataFlowAnalyzer.mergeIncomingFlow(FirDataFlowAnalyzer.kt:1395)
	at org.jetbrains.kotlin.fir.resolve.dfa.FirDataFlowAnalyzer.exitEqualityOperatorCall(FirDataFlowAnalyzer.kt:446)
	at org.jetbrains.kotlin.fir.resolve.transformers.body.resolve.FirExpressionsResolveTransformer.transformEqualityOperatorCall(FirExpressionsResolveTransformer.kt:844)
	at org.jetbrains.kotlin.fir.resolve.transformers.body.resolve.FirExpressionsResolveTransformer.transformEqualityOperatorCall(FirExpressionsResolveTransformer.kt:56)
	at org.jetbrains.kotlin.fir.expressions.FirEqualityOperatorCall.transform(FirEqualityOperatorCall.kt:33)
	at org.jetbrains.kotlin.fir.expressions.impl.FirBinaryLogicExpressionImpl.transformLeftOperand(FirBinaryLogicExpressionImpl.kt:56)
	at org.jetbrains.kotlin.fir.expressions.impl.FirBinaryLogicExpressionImpl.transformLeftOperand(FirBinaryLogicExpressionImpl.kt:26)
	at org.jetbrains.kotlin.fir.resolve.transformers.body.resolve.FirExpressionsResolveTransformer.transformBinaryLogicExpression(FirExpressionsResolveTransformer.kt:995)
	at org.jetbrains.kotlin.fir.resolve.transformers.body.resolve.FirAbstractBodyResolveTransformerDispatcher.transformBinaryLogicExpression(FirAbstractBodyResolveTransformerDispatcher.kt:263)
	at org.jetbrains.kotlin.fir.resolve.transformers.body.resolve.FirAbstractBodyResolveTransformerDispatcher.transformBinaryLogicExpression(FirAbstractBodyResolveTransformerDispatcher.kt:24)
	at org.jetbrains.kotlin.fir.expressions.FirBinaryLogicExpression.transform(FirBinaryLogicExpression.kt:35)
	at org.jetbrains.kotlin.fir.expressions.impl.FirWhenBranchImpl.transformCondition(FirWhenBranchImpl.kt:39)
	at org.jetbrains.kotlin.fir.expressions.impl.FirWhenBranchImpl.transformCondition(FirWhenBranchImpl.kt:20)
	at org.jetbrains.kotlin.fir.resolve.transformers.body.resolve.FirControlFlowStatementsResolveTransformer.transformWhenBranch(FirControlFlowStatementsResolveTransformer.kt:140)
	at org.jetbrains.kotlin.fir.resolve.transformers.body.resolve.FirAbstractBodyResolveTransformerDispatcher.transformWhenBranch(FirAbstractBodyResolveTransformerDispatcher.kt:657)
	at org.jetbrains.kotlin.fir.resolve.transformers.body.resolve.FirAbstractBodyResolveTransformerDispatcher.transformWhenBranch(FirAbstractBodyResolveTransformerDispatcher.kt:24)
	at org.jetbrains.kotlin.fir.expressions.FirWhenBranch.transform(FirWhenBranch.kt:30)
	at org.jetbrains.kotlin.fir.visitors.FirTransformerUtilKt.transformInplace(FirTransformerUtil.kt:20)
	at org.jetbrains.kotlin.fir.expressions.impl.FirWhenExpressionImpl.transformBranches(FirWhenExpressionImpl.kt:79)
	at org.jetbrains.kotlin.fir.expressions.impl.FirWhenExpressionImpl.transformBranches(FirWhenExpressionImpl.kt:24)
	at org.jetbrains.kotlin.fir.resolve.transformers.body.resolve.FirControlFlowStatementsResolveTransformer$transformWhenExpression$2.invoke(FirControlFlowStatementsResolveTransformer.kt:75)
	at org.jetbrains.kotlin.fir.resolve.transformers.body.resolve.FirControlFlowStatementsResolveTransformer$transformWhenExpression$2.invoke(FirControlFlowStatementsResolveTransformer.kt:64)
	at org.jetbrains.kotlin.fir.resolve.transformers.body.resolve.BodyResolveContext.withWhenExpression(BodyResolveContext.kt:933)
	at org.jetbrains.kotlin.fir.resolve.transformers.body.resolve.FirControlFlowStatementsResolveTransformer.transformWhenExpression(FirControlFlowStatementsResolveTransformer.kt:64)
	at org.jetbrains.kotlin.fir.resolve.transformers.body.resolve.FirAbstractBodyResolveTransformerDispatcher.transformWhenExpression(FirAbstractBodyResolveTransformerDispatcher.kt:648)
	at org.jetbrains.kotlin.fir.resolve.transformers.body.resolve.FirAbstractBodyResolveTransformerDispatcher.transformWhenExpression(FirAbstractBodyResolveTransformerDispatcher.kt:24)
	at org.jetbrains.kotlin.fir.expressions.FirWhenExpression.transform(FirWhenExpression.kt:39)
	at org.jetbrains.kotlin.fir.expressions.FirExpressionUtilKt.transformStatementsIndexed(FirExpressionUtil.kt:198)
	at org.jetbrains.kotlin.fir.resolve.transformers.body.resolve.FirExpressionsResolveTransformer.transformBlockInCurrentScope$resolve(FirExpressionsResolveTransformer.kt:552)
	at org.jetbrains.kotlin.fir.resolve.transformers.body.resolve.FirExpressionsResolveTransformer.transformBlock(FirExpressionsResolveTransformer.kt:543)
	at org.jetbrains.kotlin.fir.resolve.transformers.body.resolve.FirAbstractBodyResolveTransformerDispatcher.transformBlock(FirAbstractBodyResolveTransformerDispatcher.kt:191)
	at org.jetbrains.kotlin.fir.resolve.transformers.body.resolve.FirAbstractBodyResolveTransformerDispatcher.transformBlock(FirAbstractBodyResolveTransformerDispatcher.kt:24)
	at org.jetbrains.kotlin.fir.expressions.FirBlock.transform(FirBlock.kt:32)
	at org.jetbrains.kotlin.fir.resolve.transformers.body.resolve.FirPartialBodyResolveTransformer.transformElement(FirPartialBodyResolveTransformer.kt:36)
	at org.jetbrains.kotlin.fir.resolve.transformers.body.resolve.FirPartialBodyResolveTransformer.transformElement(FirPartialBodyResolveTransformer.kt:13)
	at org.jetbrains.kotlin.fir.visitors.FirTransformer.transformBlock(FirTransformer.kt:487)
	at org.jetbrains.kotlin.fir.expressions.FirBlock.transform(FirBlock.kt:32)
	at org.jetbrains.kotlin.fir.declarations.impl.FirSimpleFunctionImpl.transformBody(FirSimpleFunctionImpl.kt:108)
	at org.jetbrains.kotlin.fir.declarations.impl.FirSimpleFunctionImpl.transformBody(FirSimpleFunctionImpl.kt:31)
	at org.jetbrains.kotlin.fir.resolve.transformers.body.resolve.FirDeclarationsResolveTransformer.transformFunction(FirDeclarationsResolveTransformer.kt:906)
	at org.jetbrains.kotlin.fir.resolve.transformers.body.resolve.FirDeclarationsResolveTransformer.transformFunctionWithGivenSignature(FirDeclarationsResolveTransformer.kt:856)
	at org.jetbrains.kotlin.fir.resolve.transformers.body.resolve.FirDeclarationsResolveTransformer.access$transformFunctionWithGivenSignature(FirDeclarationsResolveTransformer.kt:60)
	at org.jetbrains.kotlin.fir.resolve.transformers.body.resolve.FirDeclarationsResolveTransformer$transformSimpleFunction$1$1$1.invoke(FirDeclarationsResolveTransformer.kt:848)
	at org.jetbrains.kotlin.fir.resolve.transformers.body.resolve.FirDeclarationsResolveTransformer$transformSimpleFunction$1$1$1.invoke(FirDeclarationsResolveTransformer.kt:846)
	at org.jetbrains.kotlin.fir.resolve.transformers.body.resolve.BodyResolveContext.forFunctionBody(BodyResolveContext.kt:1184)
	at org.jetbrains.kotlin.fir.resolve.transformers.body.resolve.FirDeclarationsResolveTransformer.transformSimpleFunction(FirDeclarationsResolveTransformer.kt:846)
	at org.jetbrains.kotlin.fir.resolve.transformers.body.resolve.FirAbstractBodyResolveTransformerDispatcher.transformSimpleFunction(FirAbstractBodyResolveTransformerDispatcher.kt:539)
	at org.jetbrains.kotlin.fir.resolve.transformers.body.resolve.FirAbstractBodyResolveTransformerDispatcher.transformSimpleFunction(FirAbstractBodyResolveTransformerDispatcher.kt:24)
	at org.jetbrains.kotlin.fir.declarations.FirSimpleFunction.transform(FirSimpleFunction.kt:55)
	at org.jetbrains.kotlin.fir.visitors.FirTransformerUtilKt.transformInplace(FirTransformerUtil.kt:20)
	at org.jetbrains.kotlin.fir.declarations.impl.FirRegularClassImpl.transformDeclarations(FirRegularClassImpl.kt:90)
	at org.jetbrains.kotlin.fir.declarations.impl.FirRegularClassImpl.transformChildren(FirRegularClassImpl.kt:72)
	at org.jetbrains.kotlin.fir.declarations.impl.FirRegularClassImpl.transformChildren(FirRegularClassImpl.kt:29)
	at org.jetbrains.kotlin.fir.resolve.transformers.body.resolve.FirAbstractBodyResolveTransformerDispatcher.transformElement(FirAbstractBodyResolveTransformerDispatcher.kt:80)
	at org.jetbrains.kotlin.fir.resolve.transformers.body.resolve.FirAbstractBodyResolveTransformerDispatcher.transformDeclarationContent(FirAbstractBodyResolveTransformerDispatcher.kt:431)
	at org.jetbrains.kotlin.fir.resolve.transformers.body.resolve.FirDeclarationsResolveTransformer.transformDeclarationContent(FirDeclarationsResolveTransformer.kt:81)
	at org.jetbrains.kotlin.fir.resolve.transformers.body.resolve.FirDeclarationsResolveTransformer$doTransformRegularClass$1.invoke(FirDeclarationsResolveTransformer.kt:775)
	at org.jetbrains.kotlin.fir.resolve.transformers.body.resolve.FirDeclarationsResolveTransformer$doTransformRegularClass$1.invoke(FirDeclarationsResolveTransformer.kt:774)
	at org.jetbrains.kotlin.fir.resolve.transformers.body.resolve.FirDeclarationsResolveTransformer$withRegularClass$result$1.invoke(FirDeclarationsResolveTransformer.kt:784)
	at org.jetbrains.kotlin.fir.resolve.transformers.body.resolve.FirDeclarationsResolveTransformer$withRegularClass$result$1.invoke(FirDeclarationsResolveTransformer.kt:783)
	at org.jetbrains.kotlin.fir.resolve.transformers.body.resolve.BodyResolveContext$withRegularClass$1$1.invoke(BodyResolveContext.kt:950)
	at org.jetbrains.kotlin.fir.resolve.transformers.body.resolve.BodyResolveContext.withScopesForClass(BodyResolveContext.kt:521)
	at org.jetbrains.kotlin.fir.resolve.transformers.body.resolve.BodyResolveContext.withRegularClass(BodyResolveContext.kt:419)
	at org.jetbrains.kotlin.fir.resolve.transformers.body.resolve.FirDeclarationsResolveTransformer.withRegularClass(FirDeclarationsResolveTransformer.kt:783)
	at org.jetbrains.kotlin.fir.resolve.transformers.body.resolve.FirDeclarationsResolveTransformer.doTransformRegularClass(FirDeclarationsResolveTransformer.kt:774)
	at org.jetbrains.kotlin.fir.resolve.transformers.body.resolve.FirDeclarationsResolveTransformer.transformRegularClass(FirDeclarationsResolveTransformer.kt:692)
	at org.jetbrains.kotlin.fir.resolve.transformers.body.resolve.FirAbstractBodyResolveTransformerDispatcher.transformRegularClass(FirAbstractBodyResolveTransformerDispatcher.kt:512)
	at org.jetbrains.kotlin.fir.resolve.transformers.body.resolve.FirAbstractBodyResolveTransformerDispatcher.transformRegularClass(FirAbstractBodyResolveTransformerDispatcher.kt:24)
	at org.jetbrains.kotlin.fir.declarations.FirRegularClass.transform(FirRegularClass.kt:52)
	at org.jetbrains.kotlin.fir.visitors.FirTransformerUtilKt.transformInplace(FirTransformerUtil.kt:20)
	at org.jetbrains.kotlin.fir.declarations.impl.FirFileImpl.transformDeclarations(FirFileImpl.kt:84)
	at org.jetbrains.kotlin.fir.declarations.impl.FirFileImpl.transformChildren(FirFileImpl.kt:65)
	at org.jetbrains.kotlin.fir.declarations.impl.FirFileImpl.transformChildren(FirFileImpl.kt:27)
	at org.jetbrains.kotlin.fir.resolve.transformers.body.resolve.FirAbstractBodyResolveTransformerDispatcher.transformElement(FirAbstractBodyResolveTransformerDispatcher.kt:80)
	at org.jetbrains.kotlin.fir.resolve.transformers.body.resolve.FirAbstractBodyResolveTransformerDispatcher.transformDeclarationContent(FirAbstractBodyResolveTransformerDispatcher.kt:431)
	at org.jetbrains.kotlin.fir.resolve.transformers.body.resolve.FirDeclarationsResolveTransformer.transformDeclarationContent(FirDeclarationsResolveTransformer.kt:81)
	at org.jetbrains.kotlin.fir.resolve.transformers.body.resolve.FirDeclarationsResolveTransformer$doTransformFile$1.invoke(FirDeclarationsResolveTransformer.kt:747)
	at org.jetbrains.kotlin.fir.resolve.transformers.body.resolve.FirDeclarationsResolveTransformer$doTransformFile$1.invoke(FirDeclarationsResolveTransformer.kt:744)
	at org.jetbrains.kotlin.fir.resolve.transformers.body.resolve.FirDeclarationsResolveTransformer.withFile(FirDeclarationsResolveTransformer.kt:760)
	at org.jetbrains.kotlin.fir.resolve.transformers.body.resolve.FirDeclarationsResolveTransformer.doTransformFile(FirDeclarationsResolveTransformer.kt:744)
	at org.jetbrains.kotlin.fir.resolve.transformers.body.resolve.FirDeclarationsResolveTransformer.transformFile(FirDeclarationsResolveTransformer.kt:670)
	... 44 more


